2026-02-12 09:43:55 +00:00: [DeviceTracker], Received message: {"id":1,"type":"screenshot","data":{"udid":"10.121.17.139:55555"}}. Error: Unknown command "undefined"
2026-02-12 09:52:04 +00:00: [WebsocketProxy] Failed to start service: Failure: ''
2026-02-12 09:54:20 +00:00: [WebsocketProxy] Failed to start service: Failure: ''
2026-02-12 09:54:26 +00:00: [WebsocketProxy] Failed to start service: Failure: ''
2026-02-13 04:11:12 +00:00: [NocoDBApi] NOCODB_API_TOKEN not set in environment
2026-02-13 04:11:12 +00:00: [NocoDBApi] NOCODB_BASE_URL not set in environment
2026-02-13 04:11:12 +00:00: [NocoDBApi] NOCODB_TABLE_ID not set in environment
2026-02-13 04:12:37 +00:00: [NocoDBApi] NOCODB_API_TOKEN not set in environment
2026-02-13 04:12:37 +00:00: [NocoDBApi] NOCODB_BASE_URL not set in environment
2026-02-13 04:12:37 +00:00: [NocoDBApi] NOCODB_TABLE_ID not set in environment
2026-02-13 04:16:30 +00:00: [NocoDBApi] NOCODB_API_TOKEN not set in environment
2026-02-13 04:16:30 +00:00: [NocoDBApi] NOCODB_BASE_URL not set in environment
2026-02-13 04:16:30 +00:00: [NocoDBApi] NOCODB_TABLE_ID not set in environment
2026-02-13 04:17:45 +00:00: [NocoDBApi] NOCODB_API_TOKEN not set in environment
2026-02-13 04:17:45 +00:00: [NocoDBApi] NOCODB_BASE_URL not set in environment
2026-02-13 04:17:45 +00:00: [NocoDBApi] NOCODB_TABLE_ID not set in environment
2026-02-13 04:24:37 +00:00: [NocoDBApi] Failed to fetch mobile-scraper data: TypeError: Cannot read properties of undefined (reading 'forEach')
    at NocoDBApi.<anonymous> (/home/fsd/ws-scrcpy/dist/index.js:4256:33)
    at step (/home/fsd/ws-scrcpy/node_modules/tslib/tslib.js:195:27)
    at Object.next (/home/fsd/ws-scrcpy/node_modules/tslib/tslib.js:176:57)
    at fulfilled (/home/fsd/ws-scrcpy/node_modules/tslib/tslib.js:166:62)
    at process.processTicksAndRejections (node:internal/process/task_queues:105:5)
2026-02-13 04:24:39 +00:00: [NocoDBApi] Failed to fetch mobile-scraper data: TypeError: Cannot read properties of undefined (reading 'forEach')
    at NocoDBApi.<anonymous> (/home/fsd/ws-scrcpy/dist/index.js:4256:33)
    at step (/home/fsd/ws-scrcpy/node_modules/tslib/tslib.js:195:27)
    at Object.next (/home/fsd/ws-scrcpy/node_modules/tslib/tslib.js:176:57)
    at fulfilled (/home/fsd/ws-scrcpy/node_modules/tslib/tslib.js:166:62)
    at process.processTicksAndRejections (node:internal/process/task_queues:105:5)
2026-02-13 04:24:43 +00:00: [NocoDBApi] Failed to fetch mobile-scraper data: TypeError: Cannot read properties of undefined (reading 'forEach')
    at NocoDBApi.<anonymous> (/home/fsd/ws-scrcpy/dist/index.js:4256:33)
    at step (/home/fsd/ws-scrcpy/node_modules/tslib/tslib.js:195:27)
    at Object.next (/home/fsd/ws-scrcpy/node_modules/tslib/tslib.js:176:57)
    at fulfilled (/home/fsd/ws-scrcpy/node_modules/tslib/tslib.js:166:62)
    at process.processTicksAndRejections (node:internal/process/task_queues:105:5)
